FDTD Solutions Version 8.21.1854 (Mac 64bit)
 expires (month/day/year): 6/23/2019
using config file: /Users/lukasc/.config/Lumerical/FDTD Solutions.ini
license host: ubcprivate83
current time: Sat May 11 10:20:48 2019
Running on host: ubcprivate83.ece.ubc.ca
All processes are communicating and ready to proceed to simulation...
Running fsp file: /Applications/Lumerical/FDTD Solutions/FDTD Solutions.app/Contents/MacOS/fdtd-engine -t 1 -remote -hide /Users/lukasc/Documents/GitHub/SiEPIC_EBeam_PDK/Lumerical_EBeam_CML/EBeam/fdtd/ebeam_dc_halfring_straight/ebeam_dc_halfring_straight_s-parametersweep/s-parametersweep_1.fsp
number of processors is 4
processors are distributed as: 2x2x1
Running 3D Simulation
Starting meshing
Simulation size in gridpoints: 122 x 77 x 26
Refined 0 mesh cells (0%)
Completed meshing!
Meshing complete in 0.380351 seconds of CPU time
0 0
Starting meshing
Simulation size in gridpoints: 122 x 77 x 26
Refined 0 mesh cells (0%)
Completed meshing!
Meshing complete in 0.334891 seconds of CPU time
0 0
Starting meshing
Simulation size in gridpoints: 122 x 77 x 26
Refined 0 mesh cells (0%)
Completed meshing!
Meshing complete in 0.28017 seconds of CPU time
0 0
finished material properties
Meshing Time: 1.07456 seconds, Init Electrical Material Time: 0.118126 seconds, Init Magnetic Material Time: 0.007347
Using selected optimization level: 2
Selecting 3d kernel for splitFieldDirection=0 and optLevel=2
-----------------------------------------
Beginning initialization of 3D Simulation
Starting to add sources to simulation
Adding 3D Mode source propagating in X
Using broadband source injection
Starting to add boundary conditions to simulation
Adding 3D PML BC
Adding 3D Parallel BC
Adding 3D PML BC
Adding 3D Parallel BC
Adding 3D Symmetric BC
Adding 3D PML BC
Starting to add monitors to Simulation
Adding analysis monitor
Adding 3D DFT monitor
Adding 3D DFT monitor
Adding 3D DFT monitor
Adding 3D DFT monitor
Finished initialization of 3D Simulation
-----------------------------------------
All processes are communicating and ready to proceed to simulation...
Starting 7408 total iterations
1% complete. Max time remaining: 1 min, 23 secs. Auto Shutoff: 1
2% complete. Max time remaining: 1 min, 38 secs. Auto Shutoff: 1
3% complete. Max time remaining: 2 mins, 53 secs. Auto Shutoff: 1
4% complete. Max time remaining: 2 mins, 57 secs. Auto Shutoff: 1
5% complete. Max time remaining: 3 mins, 1 secs. Auto Shutoff: 1
6% complete. Max time remaining: 3 mins, 1 secs. Auto Shutoff: 1
7% complete. Max time remaining: 3 mins, 3 secs. Auto Shutoff: 1
8% complete. Max time remaining: 3 mins, 19 secs. Auto Shutoff: 1
8% complete. Max time remaining: 3 mins, 15 secs. Auto Shutoff: 1
9% complete. Max time remaining: 3 mins, 15 secs. Auto Shutoff: 1
10% complete. Max time remaining: 3 mins, 5 secs. Auto Shutoff: 1
12% complete. Max time remaining: 2 mins, 48 secs. Auto Shutoff: 1
14% complete. Max time remaining: 2 mins, 31 secs. Auto Shutoff: 1
15% complete. Max time remaining: 2 mins, 18 secs. Auto Shutoff: 1
17% complete. Max time remaining: 2 mins, 7 secs. Auto Shutoff: 1
19% complete. Max time remaining: 1 min, 58 secs. Auto Shutoff: 1
21% complete. Max time remaining: 1 min, 52 secs. Auto Shutoff: 1
22% complete. Max time remaining: 1 min, 46 secs. Auto Shutoff: 1
24% complete. Max time remaining: 1 min, 41 secs. Auto Shutoff: 1
26% complete. Max time remaining: 1 min, 36 secs. Auto Shutoff: 1
27% complete. Max time remaining: 1 min, 34 secs. Auto Shutoff: 1
28% complete. Max time remaining: 1 min, 33 secs. Auto Shutoff: 1
29% complete. Max time remaining: 1 min, 32 secs. Auto Shutoff: 1
30% complete. Max time remaining: 1 min, 31 secs. Auto Shutoff: 1
31% complete. Max time remaining: 1 min, 29 secs. Auto Shutoff: 1
33% complete. Max time remaining: 1 min, 26 secs. Auto Shutoff: 1
34% complete. Max time remaining: 1 min, 24 secs. Auto Shutoff: 1
35% complete. Max time remaining: 1 min, 23 secs. Auto Shutoff: 1
37% complete. Max time remaining: 1 min, 21 secs. Auto Shutoff: 1
38% complete. Max time remaining: 1 min, 21 secs. Auto Shutoff: 1
39% complete. Max time remaining: 1 min, 21 secs. Auto Shutoff: 1
40% complete. Max time remaining: 1 min, 20 secs. Auto Shutoff: 1
40% complete. Max time remaining: 1 min, 19 secs. Auto Shutoff: 1
41% complete. Max time remaining: 1 min, 18 secs. Auto Shutoff: 1
42% complete. Max time remaining: 1 min, 18 secs. Auto Shutoff: 1
43% complete. Max time remaining: 1 min, 18 secs. Auto Shutoff: 1
43% complete. Max time remaining: 1 min, 17 secs. Auto Shutoff: 1
44% complete. Max time remaining: 1 min, 17 secs. Auto Shutoff: 1
45% complete. Max time remaining: 1 min, 16 secs. Auto Shutoff: 1
46% complete. Max time remaining: 1 min, 15 secs. Auto Shutoff: 1
47% complete. Max time remaining: 1 min, 14 secs. Auto Shutoff: 1
48% complete. Max time remaining: 1 min, 13 secs. Auto Shutoff: 1
49% complete. Max time remaining: 1 min, 12 secs. Auto Shutoff: 1
49% complete. Max time remaining: 1 min, 10 secs. Auto Shutoff: 1
50% complete. Max time remaining: 1 min, 9 secs. Auto Shutoff: 1
51% complete. Max time remaining: 1 min, 8 secs. Auto Shutoff: 1
52% complete. Max time remaining: 1 min, 8 secs. Auto Shutoff: 1
53% complete. Max time remaining: 1 min, 6 secs. Auto Shutoff: 1
54% complete. Max time remaining: 1 min, 6 secs. Auto Shutoff: 1
54% complete. Max time remaining: 1 min, 5 secs. Auto Shutoff: 1
55% complete. Max time remaining: 1 min, 4 secs. Auto Shutoff: 1
56% complete. Max time remaining: 1 min, 3 secs. Auto Shutoff: 1
57% complete. Max time remaining: 1 min, 2 secs. Auto Shutoff: 1
58% complete. Max time remaining: 1 min, 1 secs. Auto Shutoff: 1
Early termination of simulation by user request
Completed 4272 iterations, or 2.422474e-13s of Simulation Time
Process 0 starting to collect data
    collecting monitor data
    collecting source data
Using broadband source injection
Finished collecting data
Simulation completed successfully at: Sat May 11 10:22:16 2019
Overall wall time measurements in seconds:
    time to mesh and initialize: 2
    time to run FDTD simulation: 83
    time to finalize data and save to files: 2
    FDTD solver speed: 12.5712 Mnodes/s
    total FDTD solver speed on 4 processes: 50.2848 Mnodes/s
