FDTD Solutions Version 8.20.1661 (Mac 64bit)
 expires (month/day/year): 9/9/2018
using config file: /Users/lukasc/.config/Lumerical/FDTD Solutions.ini
license host: dhcp-128-189-85-63
current time: Sun Aug 12 16:28:54 2018
Running on host: dhcp-128-189-85-63.ubcsecure.wireless.ubc.ca
All processes are communicating and ready to proceed to simulation...
Running fsp file: /Applications/Lumerical/FDTD Solutions/FDTD Solutions.app/Contents/MacOS/fdtd-engine -t 1 -remote -hide /Users/lukasc/Documents/GitHub/SiEPIC_EBeam_PDK/Lumerical_EBeam_CML/EBeam/fdtd/ebeam_dc_halfring_straight/ebeam_dc_halfring_straight_S-ParameterMatrixSweep/S-ParameterMatrixSweep_2.fsp
number of processors is 4
processors are distributed as: 4x1x1
Running 3D Simulation
Starting meshing
Simulation size in gridpoints: 134 x 234 x 26
Refined 0 mesh cells (0%)
Completed meshing!
Meshing complete in 0.700523 seconds of CPU time
0 0
Starting meshing
Simulation size in gridpoints: 134 x 234 x 26
Refined 0 mesh cells (0%)
Completed meshing!
Meshing complete in 0.617653 seconds of CPU time
0 0
Starting meshing
Simulation size in gridpoints: 134 x 234 x 26
Refined 0 mesh cells (0%)
Completed meshing!
Meshing complete in 0.574552 seconds of CPU time
0 0
finished material properties
Meshing Time: 1.93799 seconds, Init Electrical Material Time: 0.182428 seconds, Init Magnetic Material Time: 0.008027
Using selected optimization level: 2
Selecting 3d kernel for splitFieldDirection=0 and optLevel=2
-----------------------------------------
Beginning initialization of 3D Simulation
Starting to add sources to simulation
Adding 3D Mode source propagating in Y
Using broadband source injection
Starting to add boundary conditions to simulation
Adding 3D PML BC
Adding 3D Parallel BC
Adding 3D PML BC
Adding 3D PML BC
Adding 3D Symmetric BC
Adding 3D PML BC
Starting to add monitors to Simulation
Adding analysis monitor
Adding 3D DFT monitor
Adding 3D DFT monitor
Adding 3D DFT monitor
Adding 3D DFT monitor
Finished initialization of 3D Simulation
-----------------------------------------
All processes are communicating and ready to proceed to simulation...
Starting 11289 total iterations
0% complete. Max time remaining: 5 mins, 16 secs. Auto Shutoff: 1
2% complete. Max time remaining: 5 mins, 10 secs. Auto Shutoff: 1
2% complete. Max time remaining: 5 mins, 12 secs. Auto Shutoff: 1
3% complete. Max time remaining: 5 mins, 10 secs. Auto Shutoff: 1
4% complete. Max time remaining: 5 mins, 9 secs. Auto Shutoff: 1
6% complete. Max time remaining: 5 mins, 6 secs. Auto Shutoff: 1
6% complete. Max time remaining: 5 mins, 4 secs. Auto Shutoff: 1
7% complete. Max time remaining: 5 mins, 2 secs. Auto Shutoff: 1
8% complete. Max time remaining: 5 mins, 1 secs. Auto Shutoff: 1
9% complete. Max time remaining: 4 mins, 58 secs. Auto Shutoff: 1
10% complete. Max time remaining: 4 mins, 56 secs. Auto Shutoff: 1
11% complete. Max time remaining: 4 mins, 53 secs. Auto Shutoff: 1
12% complete. Max time remaining: 4 mins, 50 secs. Auto Shutoff: 1
13% complete. Max time remaining: 4 mins, 46 secs. Auto Shutoff: 1
14% complete. Max time remaining: 4 mins, 45 secs. Auto Shutoff: 1
15% complete. Max time remaining: 4 mins, 42 secs. Auto Shutoff: 1
16% complete. Max time remaining: 4 mins, 40 secs. Auto Shutoff: 1
17% complete. Max time remaining: 4 mins, 38 secs. Auto Shutoff: 1
18% complete. Max time remaining: 4 mins, 37 secs. Auto Shutoff: 1
19% complete. Max time remaining: 4 mins, 34 secs. Auto Shutoff: 1
20% complete. Max time remaining: 4 mins, 32 secs. Auto Shutoff: 1
21% complete. Max time remaining: 4 mins, 30 secs. Auto Shutoff: 1
22% complete. Max time remaining: 4 mins, 28 secs. Auto Shutoff: 1
23% complete. Max time remaining: 4 mins, 28 secs. Auto Shutoff: 1
24% complete. Max time remaining: 4 mins, 27 secs. Auto Shutoff: 1
25% complete. Max time remaining: 4 mins, 27 secs. Auto Shutoff: 1
26% complete. Max time remaining: 4 mins, 26 secs. Auto Shutoff: 1
27% complete. Max time remaining: 4 mins, 26 secs. Auto Shutoff: 1
28% complete. Max time remaining: 4 mins, 26 secs. Auto Shutoff: 1
29% complete. Max time remaining: 4 mins, 25 secs. Auto Shutoff: 1
30% complete. Max time remaining: 4 mins, 25 secs. Auto Shutoff: 1
31% complete. Max time remaining: 4 mins, 24 secs. Auto Shutoff: 1
32% complete. Max time remaining: 4 mins, 23 secs. Auto Shutoff: 1
33% complete. Max time remaining: 4 mins, 21 secs. Auto Shutoff: 1
34% complete. Max time remaining: 4 mins, 19 secs. Auto Shutoff: 1
35% complete. Max time remaining: 4 mins, 17 secs. Auto Shutoff: 1
36% complete. Max time remaining: 4 mins, 14 secs. Auto Shutoff: 1
37% complete. Max time remaining: 4 mins, 11 secs. Auto Shutoff: 1
38% complete. Max time remaining: 4 mins, 9 secs. Auto Shutoff: 1
39% complete. Max time remaining: 4 mins, 6 secs. Auto Shutoff: 1
40% complete. Max time remaining: 4 mins, 3 secs. Auto Shutoff: 1
41% complete. Max time remaining: 4 mins, 4 secs. Auto Shutoff: 1
42% complete. Max time remaining: 4 mins, 1 secs. Auto Shutoff: 1
43% complete. Max time remaining: 3 mins, 59 secs. Auto Shutoff: 1
44% complete. Max time remaining: 3 mins, 56 secs. Auto Shutoff: 1
45% complete. Max time remaining: 3 mins, 53 secs. Auto Shutoff: 1
46% complete. Max time remaining: 3 mins, 48 secs. Auto Shutoff: 1
47% complete. Max time remaining: 3 mins, 43 secs. Auto Shutoff: 1
48% complete. Max time remaining: 3 mins, 38 secs. Auto Shutoff: 1
49% complete. Max time remaining: 3 mins, 32 secs. Auto Shutoff: 1
50% complete. Max time remaining: 3 mins, 27 secs. Auto Shutoff: 1
51% complete. Max time remaining: 3 mins, 24 secs. Auto Shutoff: 1
52% complete. Max time remaining: 3 mins, 18 secs. Auto Shutoff: 1
53% complete. Max time remaining: 3 mins, 13 secs. Auto Shutoff: 1
54% complete. Max time remaining: 3 mins, 7 secs. Auto Shutoff: 1
56% complete. Max time remaining: 3 mins, 2 secs. Auto Shutoff: 1
56% complete. Max time remaining: 2 mins, 59 secs. Auto Shutoff: 1
57% complete. Max time remaining: 2 mins, 54 secs. Auto Shutoff: 1
58% complete. Max time remaining: 2 mins, 49 secs. Auto Shutoff: 1
60% complete. Max time remaining: 2 mins, 44 secs. Auto Shutoff: 1
60% complete. Max time remaining: 2 mins, 41 secs. Auto Shutoff: 1
61% complete. Max time remaining: 2 mins, 36 secs. Auto Shutoff: 1
62% complete. Max time remaining: 2 mins, 31 secs. Auto Shutoff: 0.973317
63% complete. Max time remaining: 2 mins, 26 secs. Auto Shutoff: 0.968792
64% complete. Max time remaining: 2 mins, 23 secs. Auto Shutoff: 0.968792
65% complete. Max time remaining: 2 mins, 19 secs. Auto Shutoff: 0.961725
66% complete. Max time remaining: 2 mins, 15 secs. Auto Shutoff: 0.962518
67% complete. Max time remaining: 2 mins, 10 secs. Auto Shutoff: 0.951831
68% complete. Max time remaining: 2 mins, 5 secs. Auto Shutoff: 0.890619
69% complete. Max time remaining: 2 mins, 0 secs. Auto Shutoff: 0.759292
70% complete. Max time remaining: 1 min, 58 secs. Auto Shutoff: 0.634549
71% complete. Max time remaining: 1 min, 53 secs. Auto Shutoff: 0.579186
72% complete. Max time remaining: 1 min, 48 secs. Auto Shutoff: 0.516668
73% complete. Max time remaining: 1 min, 44 secs. Auto Shutoff: 0.414469
75% complete. Max time remaining: 1 min, 39 secs. Auto Shutoff: 0.232453
75% complete. Max time remaining: 1 min, 37 secs. Auto Shutoff: 0.076902
76% complete. Max time remaining: 1 min, 32 secs. Auto Shutoff: 0.0159012
77% complete. Max time remaining: 1 min, 28 secs. Auto Shutoff: 0.00428118
79% complete. Max time remaining: 1 min, 23 secs. Auto Shutoff: 0.000502626
79% complete. Max time remaining: 1 min, 21 secs. Auto Shutoff: 0.000502626
80% complete. Max time remaining: 1 min, 16 secs. Auto Shutoff: 0.000357458
81% complete. Max time remaining: 1 min, 12 secs. Auto Shutoff: 8.10426e-05
82% complete. Max time remaining: 1 min, 7 secs. Auto Shutoff: 5.31348e-05
83% complete. Max time remaining: 1 min, 5 secs. Auto Shutoff: 3.18081e-05
84% complete. Max time remaining: 1 min, 0 secs. Auto Shutoff: 2.71767e-05
85% complete. Max time remaining: 56 secs. Auto Shutoff: 2.2871e-05
86% complete. Max time remaining: 52 secs. Auto Shutoff: 2.10885e-05
87% complete. Max time remaining: 49 secs. Auto Shutoff: 1.98965e-05
88% complete. Max time remaining: 45 secs. Auto Shutoff: 1.91784e-05
89% complete. Max time remaining: 42 secs. Auto Shutoff: 1.85864e-05
90% complete. Max time remaining: 37 secs. Auto Shutoff: 1.79231e-05
91% complete. Max time remaining: 33 secs. Auto Shutoff: 1.765e-05
92% complete. Max time remaining: 29 secs. Auto Shutoff: 1.72114e-05
94% complete. Max time remaining: 24 secs. Auto Shutoff: 1.65059e-05
94% complete. Max time remaining: 22 secs. Auto Shutoff: 1.54433e-05
95% complete. Max time remaining: 18 secs. Auto Shutoff: 1.42109e-05
96% complete. Max time remaining: 14 secs. Auto Shutoff: 1.20852e-05
98% complete. Max time remaining: 9 secs. Auto Shutoff: 1.12055e-05
98% complete. Max time remaining: 7 secs. Auto Shutoff: 1.12055e-05
99% complete. Max time remaining: 4 secs. Auto Shutoff: 8.98281e-06
100% complete. Max time remaining: 0 mins, 0 secs. Auto Shutoff: 8.98281e-06
Early termination of simulation, the autoshutoff criteria are satisfied.
Completed 11181 iterations, or 6.340281e-13s of Simulation Time
Process 0 starting to collect data
    collecting monitor data
    collecting source data
Using broadband source injection
Finished collecting data
Simulation completed successfully at: Sun Aug 12 16:35:12 2018
Overall wall time measurements in seconds:
    time to mesh and initialize: 4
    time to run FDTD simulation: 371
    time to finalize data and save to files: 2
    FDTD solver speed: 24.5698 Mnodes/s
    total FDTD solver speed on 4 processes: 98.279 Mnodes/s
